Determining if the pthread_create exist failed with the following output:
Change Dir: /home/setr/projects/laboratoire3/labo3-h21/src/build/CMakeFiles/CMakeTmp

Run Build Command(s):/usr/bin/gmake cmTC_b966c/fast 
/usr/bin/gmake -f CMakeFiles/cmTC_b966c.dir/build.make CMakeFiles/cmTC_b966c.dir/build
gmake[1] : on entre dans le répertoire « /home/setr/projects/laboratoire3/labo3-h21/src/build/CMakeFiles/CMakeTmp »
Building C object CMakeFiles/cmTC_b966c.dir/CheckSymbolExists.c.o
/home/setr/arm-cross-comp-env/arm-raspbian-linux-gnueabihf/bin/arm-raspbian-linux-gnueabihf-gcc --sysroot=/home/setr/arm-cross-comp-env/arm-raspbian-linux-gnueabihf/arm-raspbian-linux-gnueabihf/sysroot   -Wl,-rpath-link,/home/setr/arm-cross-comp-env/arm-raspbian-linux-gnueabihf/arm-raspbian-linux-gnueabihf/sysroot/opt/vc/lib -Wl,-rpath-link,/home/setr/arm-cross-comp-env/arm-raspbian-linux-gnueabihf/arm-raspbian-linux-gnueabihf/sysroot/lib/arm-linux-gnueabihf -Wl,-rpath-link,/home/setr/arm-cross-comp-env/arm-raspbian-linux-gnueabihf/arm-raspbian-linux-gnueabihf/sysroot/usr/lib/arm-linux-gnueabihf -Wl,-rpath-link,/home/setr/arm-cross-comp-env/arm-raspbian-linux-gnueabihf/arm-raspbian-linux-gnueabihf/sysroot/usr/local/lib    -o CMakeFiles/cmTC_b966c.dir/CheckSymbolExists.c.o   -c /home/setr/projects/laboratoire3/labo3-h21/src/build/CMakeFiles/CMakeTmp/CheckSymbolExists.c
Linking C executable cmTC_b966c
/usr/bin/cmake -E cmake_link_script CMakeFiles/cmTC_b966c.dir/link.txt --verbose=1
/home/setr/arm-cross-comp-env/arm-raspbian-linux-gnueabihf/bin/arm-raspbian-linux-gnueabihf-gcc --sysroot=/home/setr/arm-cross-comp-env/arm-raspbian-linux-gnueabihf/arm-raspbian-linux-gnueabihf/sysroot -Wl,-rpath-link,/home/setr/arm-cross-comp-env/arm-raspbian-linux-gnueabihf/arm-raspbian-linux-gnueabihf/sysroot/opt/vc/lib -Wl,-rpath-link,/home/setr/arm-cross-comp-env/arm-raspbian-linux-gnueabihf/arm-raspbian-linux-gnueabihf/sysroot/lib/arm-linux-gnueabihf -Wl,-rpath-link,/home/setr/arm-cross-comp-env/arm-raspbian-linux-gnueabihf/arm-raspbian-linux-gnueabihf/sysroot/usr/lib/arm-linux-gnueabihf -Wl,-rpath-link,/home/setr/arm-cross-comp-env/arm-raspbian-linux-gnueabihf/arm-raspbian-linux-gnueabihf/sysroot/usr/local/lib     -rdynamic CMakeFiles/cmTC_b966c.dir/CheckSymbolExists.c.o  -o cmTC_b966c 
CMakeFiles/cmTC_b966c.dir/CheckSymbolExists.c.o: In function `main':
CheckSymbolExists.c:(.text+0x38): undefined reference to `pthread_create'
collect2: error: ld returned 1 exit status
gmake[1]: *** [CMakeFiles/cmTC_b966c.dir/build.make:87: cmTC_b966c] Error 1
gmake[1] : on quitte le répertoire « /home/setr/projects/laboratoire3/labo3-h21/src/build/CMakeFiles/CMakeTmp »
gmake: *** [Makefile:121: cmTC_b966c/fast] Error 2

File /home/setr/projects/laboratoire3/labo3-h21/src/build/CMakeFiles/CMakeTmp/CheckSymbolExists.c:
/* */
#include <pthread.h>

int main(int argc, char** argv)
{
  (void)argv;
#ifndef pthread_create
  return ((int*)(&pthread_create))[argc];
#else
  (void)argc;
  return 0;
#endif
}

